<?xml version="1.0" encoding="UTF-8"?>
<testng-results skipped="0" failed="0" ignored="0" total="2" passed="2">
  <reporter-output>
  </reporter-output>
  <suite name="Default suite" duration-ms="12782" started-at="2020-05-21T07:58:30Z" finished-at="2020-05-21T07:58:43Z">
    <groups>
    </groups>
    <test name="Default test" duration-ms="12782" started-at="2020-05-21T07:58:30Z" finished-at="2020-05-21T07:58:43Z">
      <class name="com.gec.Base.Login">
        <test-method status="PASS" signature="setUp()[pri:0, instance:com.gec.Base.Login@53b32d7]" name="setUp" is-config="true" duration-ms="12616" started-at="2020-05-21T07:58:30Z" finished-at="2020-05-21T07:58:42Z">
          <reporter-output>
          </reporter-output>
        </test-method> <!-- setUp -->
        <test-method status="PASS" signature="Login(java.lang.String, java.lang.String)[pri:0, instance:com.gec.Base.Login@53b32d7]" name="Login" duration-ms="5" started-at="2020-05-21T07:58:42Z" data-provider="dp" finished-at="2020-05-21T07:58:42Z">
          <params>
            <param index="0">
              <value>
                <![CDATA[Balod_field_user]]>
              </value>
            </param>
            <param index="1">
              <value>
                <![CDATA[11111]]>
              </value>
            </param>
          </params>
          <reporter-output>
          </reporter-output>
        </test-method> <!-- Login -->
        <test-method status="PASS" signature="Login(java.lang.String, java.lang.String)[pri:0, instance:com.gec.Base.Login@53b32d7]" name="Login" duration-ms="1" started-at="2020-05-21T07:58:42Z" data-provider="dp" finished-at="2020-05-21T07:58:42Z">
          <params>
            <param index="0">
              <value>
                <![CDATA[BalodaBazar_field_user]]>
              </value>
            </param>
            <param index="1">
              <value>
                <![CDATA[11111]]>
              </value>
            </param>
          </params>
          <reporter-output>
          </reporter-output>
        </test-method> <!-- Login -->
        <test-method status="PASS" signature="tearDown()[pri:0, instance:com.gec.Base.Login@53b32d7]" name="tearDown" is-config="true" duration-ms="134" started-at="2020-05-21T07:58:42Z" finished-at="2020-05-21T07:58:43Z">
          <reporter-output>
          </reporter-output>
        </test-method> <!-- tearDown -->
      </class> <!-- com.gec.Base.Login -->
    </test> <!-- Default test -->
  </suite> <!-- Default suite -->
</testng-results>
